{"level":"error","message":"task is not defined"}
{"level":"error","message":"Must call super constructor in derived class before accessing 'this' or returning from derived constructor"}
{"level":"error","message":"Must call super constructor in derived class before accessing 'this' or returning from derived constructor"}
{"level":"error","message":"Must call super constructor in derived class before accessing 'this' or returning from derived constructor"}
{"level":"error","message":"Must call super constructor in derived class before accessing 'this' or returning from derived constructor"}
{"level":"error","message":"Must call super constructor in derived class before accessing 'this' or returning from derived constructor"}
{"level":"error","message":"Must call super constructor in derived class before accessing 'this' or returning from derived constructor"}
{"level":"error","message":"Must call super constructor in derived class before accessing 'this' or returning from derived constructor"}
{"level":"error","message":"Must call super constructor in derived class before accessing 'this' or returning from derived constructor"}
{"level":"error","message":"Must call super constructor in derived class before accessing 'this' or returning from derived constructor"}
{"level":"error","message":"Must call super constructor in derived class before accessing 'this' or returning from derived constructor"}
{"level":"error","message":"Must call super constructor in derived class before accessing 'this' or returning from derived constructor"}
{"level":"error","message":"Must call super constructor in derived class before accessing 'this' or returning from derived constructor"}
{"level":"error","message":"Must call super constructor in derived class before accessing 'this' or returning from derived constructor"}
{"level":"error","message":"Must call super constructor in derived class before accessing 'this' or returning from derived constructor"}
{"level":"error","message":"No se pudo acceder a /api/task en el servidor"}
{"level":"error","message":"Correo Invalido"}
{"level":"error","message":"Correo Invalido"}
{"level":"error","message":"task is not defined"}
{"level":"error","message":"Tarea no encontrada"}
{"level":"error","message":"Tarea no encontrada"}
